<?xml version="1.0" encoding="UTF-8"?>
<testng-results ignored="1" total="14" passed="12" failed="1" skipped="0">
  <reporter-output>
  </reporter-output>
  <suite started-at="2024-06-08T23:43:28 IST" name="Loan Department" finished-at="2024-06-08T23:43:29 IST" duration-ms="435">
    <groups>
      <group name="Smoke">
        <method signature="Day2.thirddemo()[pri:0, instance:Test.Day2@2f7298b]" name="thirddemo" class="Test.Day2"/>
        <method signature="Day3.WebloginCarLoan()[pri:0, instance:Test.Day3@6379eb]" name="WebloginCarLoan" class="Test.Day3"/>
      </group> <!-- Smoke -->
    </groups>
    <test started-at="2024-06-08T23:43:28 IST" name="Personal loan" finished-at="2024-06-08T23:43:29 IST" duration-ms="218">
      <class name="Test.Day2">
        <test-method is-config="true" signature="prerequites()[pri:0, instance:Test.Day2@2f7298b]" started-at="2024-06-08T23:43:28 IST" name="prerequites" finished-at="2024-06-08T23:43:28 IST" duration-ms="2" status="PASS">
          <reporter-output>
          </reporter-output>
        </test-method> <!-- prerequites -->
        <test-method is-config="true" signature="bfclass()[pri:0, instance:Test.Day2@2f7298b]" started-at="2024-06-08T23:43:28 IST" name="bfclass" finished-at="2024-06-08T23:43:28 IST" duration-ms="0" status="PASS">
          <reporter-output>
          </reporter-output>
        </test-method> <!-- bfclass -->
        <test-method signature="ListenersTest()[pri:0, instance:Test.Day2@2f7298b]" started-at="2024-06-08T23:43:28 IST" name="ListenersTest" finished-at="2024-06-08T23:43:28 IST" duration-ms="10" status="FAIL">
          <exception class="java.lang.AssertionError">
            <message>
              <![CDATA[expected [true] but found [false]]]>
            </message>
            <full-stacktrace>
              <![CDATA[java.lang.AssertionError: expected [true] but found [false]
at org.testng.Assert.fail(Assert.java:99)
at org.testng.Assert.failNotEquals(Assert.java:1037)
at org.testng.Assert.assertTrue(Assert.java:45)
at org.testng.Assert.assertTrue(Assert.java:55)
at Test.Day2.ListenersTest(Day2.java:40)
at java.base/jdk.internal.reflect.NativeMethodAccessorImpl.invoke0(Native Method)
at java.base/jdk.internal.reflect.NativeMethodAccessorImpl.invoke(NativeMethodAccessorImpl.java:77)
at java.base/jdk.internal.reflect.DelegatingMethodAccessorImpl.invoke(DelegatingMethodAccessorImpl.java:43)
at java.base/java.lang.reflect.Method.invoke(Method.java:568)
at org.testng.internal.MethodInvocationHelper.invokeMethod(MethodInvocationHelper.java:133)
at org.testng.internal.TestInvoker.invokeMethod(TestInvoker.java:598)
at org.testng.internal.TestInvoker.invokeTestMethod(TestInvoker.java:173)
at org.testng.internal.MethodRunner.runInSequence(MethodRunner.java:46)
at org.testng.internal.TestInvoker$MethodInvocationAgent.invoke(TestInvoker.java:824)
at org.testng.internal.TestInvoker.invokeTestMethods(TestInvoker.java:146)
at org.testng.internal.TestMethodWorker.invokeTestMethods(TestMethodWorker.java:146)
at org.testng.internal.TestMethodWorker.run(TestMethodWorker.java:128)
at java.base/java.util.ArrayList.forEach(ArrayList.java:1511)
at org.testng.TestRunner.privateRun(TestRunner.java:794)
at org.testng.TestRunner.run(TestRunner.java:596)
at org.testng.SuiteRunner.runTest(SuiteRunner.java:377)
at org.testng.SuiteRunner.runSequentially(SuiteRunner.java:371)
at org.testng.SuiteRunner.privateRun(SuiteRunner.java:332)
at org.testng.SuiteRunner.run(SuiteRunner.java:276)
at org.testng.SuiteRunnerWorker.runSuite(SuiteRunnerWorker.java:53)
at org.testng.SuiteRunnerWorker.run(SuiteRunnerWorker.java:96)
at org.testng.TestNG.runSuitesSequentially(TestNG.java:1212)
at org.testng.TestNG.runSuitesLocally(TestNG.java:1134)
at org.testng.TestNG.runSuites(TestNG.java:1063)
at org.testng.TestNG.run(TestNG.java:1031)
at org.testng.remote.AbstractRemoteTestNG.run(AbstractRemoteTestNG.java:115)
at org.testng.remote.RemoteTestNG.initAndRun(RemoteTestNG.java:293)
at org.testng.remote.RemoteTestNG.main(RemoteTestNG.java:91)
]]>
            </full-stacktrace>
          </exception> <!-- java.lang.AssertionError -->
          <reporter-output>
          </reporter-output>
        </test-method> <!-- ListenersTest -->
        <test-method signature="thirddemo()[pri:0, instance:Test.Day2@2f7298b]" started-at="2024-06-08T23:43:29 IST" name="thirddemo" finished-at="2024-06-08T23:43:29 IST" duration-ms="9" status="PASS">
          <reporter-output>
          </reporter-output>
        </test-method> <!-- thirddemo -->
        <test-method is-config="true" signature="afclass()[pri:0, instance:Test.Day2@2f7298b]" started-at="2024-06-08T23:43:29 IST" name="afclass" finished-at="2024-06-08T23:43:29 IST" duration-ms="1" status="PASS">
          <reporter-output>
          </reporter-output>
        </test-method> <!-- afclass -->
      </class> <!-- Test.Day2 -->
      <class name="Test.Day1">
        <test-method signature="Demo()[pri:0, instance:Test.Day1@708f5957]" started-at="2024-06-08T23:43:28 IST" name="Demo" finished-at="2024-06-08T23:43:28 IST" duration-ms="10" status="PASS">
          <reporter-output>
          </reporter-output>
        </test-method> <!-- Demo -->
        <test-method signature="SecondTest()[pri:0, instance:Test.Day1@708f5957]" started-at="2024-06-08T23:43:28 IST" name="SecondTest" finished-at="2024-06-08T23:43:28 IST" duration-ms="10" status="PASS">
          <reporter-output>
          </reporter-output>
        </test-method> <!-- SecondTest -->
        <test-method is-config="true" signature="lastexcuteo()[pri:0, instance:Test.Day1@708f5957]" started-at="2024-06-08T23:43:29 IST" name="lastexcuteo" finished-at="2024-06-08T23:43:29 IST" duration-ms="0" status="PASS">
          <reporter-output>
          </reporter-output>
        </test-method> <!-- lastexcuteo -->
      </class> <!-- Test.Day1 -->
      <class name="Test.Day4">
        <test-method signature="LoginAPICarLoan(java.lang.String,java.lang.String)[pri:0, instance:Test.Day4@188715b5]" started-at="2024-06-08T23:43:29 IST" name="LoginAPICarLoan" data-provider="getdata" finished-at="2024-06-08T23:43:29 IST" duration-ms="8" status="PASS">
          <params>
            <param index="0">
              <value>
                <![CDATA[firstusername]]>
              </value>
            </param>
            <param index="1">
              <value>
                <![CDATA[firstpassword]]>
              </value>
            </param>
          </params>
          <reporter-output>
          </reporter-output>
        </test-method> <!-- LoginAPICarLoan -->
        <test-method signature="LoginAPICarLoan(java.lang.String,java.lang.String)[pri:0, instance:Test.Day4@188715b5]" started-at="2024-06-08T23:43:29 IST" name="LoginAPICarLoan" data-provider="getdata" finished-at="2024-06-08T23:43:29 IST" duration-ms="2" status="PASS">
          <params>
            <param index="0">
              <value>
                <![CDATA[secondusername]]>
              </value>
            </param>
            <param index="1">
              <value>
                <![CDATA[secondpassword]]>
              </value>
            </param>
          </params>
          <reporter-output>
          </reporter-output>
        </test-method> <!-- LoginAPICarLoan -->
        <test-method signature="LoginAPICarLoan(java.lang.String,java.lang.String)[pri:0, instance:Test.Day4@188715b5]" started-at="2024-06-08T23:43:29 IST" name="LoginAPICarLoan" data-provider="getdata" finished-at="2024-06-08T23:43:29 IST" duration-ms="8" status="PASS">
          <params>
            <param index="0">
              <value>
                <![CDATA[thirdusername]]>
              </value>
            </param>
            <param index="1">
              <value>
                <![CDATA[thirdpassword]]>
              </value>
            </param>
          </params>
          <reporter-output>
          </reporter-output>
        </test-method> <!-- LoginAPICarLoan -->
        <test-method signature="MobileloginCarLoan()[pri:0, instance:Test.Day4@188715b5]" started-at="2024-06-08T23:43:29 IST" name="MobileloginCarLoan" finished-at="2024-06-08T23:43:29 IST" duration-ms="5" status="PASS">
          <reporter-output>
          </reporter-output>
        </test-method> <!-- MobileloginCarLoan -->
        <test-method signature="WebloginHomeLoan(java.lang.String,java.lang.String)[pri:0, instance:Test.Day4@188715b5]" started-at="2024-06-08T23:43:29 IST" name="WebloginHomeLoan" finished-at="2024-06-08T23:43:29 IST" duration-ms="2" status="PASS">
          <params>
            <param index="0">
              <value>
                <![CDATA[personalloan.com]]>
              </value>
            </param>
            <param index="1">
              <value>
                <![CDATA[12345]]>
              </value>
            </param>
          </params>
          <reporter-output>
          </reporter-output>
        </test-method> <!-- WebloginHomeLoan -->
      </class> <!-- Test.Day4 -->
    </test> <!-- Personal loan -->
    <test started-at="2024-06-08T23:43:29 IST" name="Car Loan" finished-at="2024-06-08T23:43:29 IST" duration-ms="71">
      <class name="Test.Day3">
        <test-method is-config="true" signature="bfsuite()[pri:0, instance:Test.Day3@6379eb]" started-at="2024-06-08T23:43:28 IST" name="bfsuite" finished-at="2024-06-08T23:43:28 IST" duration-ms="12" status="PASS">
          <reporter-output>
          </reporter-output>
        </test-method> <!-- bfsuite -->
        <test-method is-config="true" signature="prerequiresdaythree()[pri:0, instance:Test.Day3@6379eb]" started-at="2024-06-08T23:43:29 IST" name="prerequiresdaythree" finished-at="2024-06-08T23:43:29 IST" duration-ms="2" status="PASS">
          <reporter-output>
          </reporter-output>
        </test-method> <!-- prerequiresdaythree -->
        <test-method is-config="true" signature="bfclass()[pri:0, instance:Test.Day3@6379eb]" started-at="2024-06-08T23:43:29 IST" name="bfclass" finished-at="2024-06-08T23:43:29 IST" duration-ms="1" status="PASS">
          <reporter-output>
          </reporter-output>
        </test-method> <!-- bfclass -->
        <test-method is-config="true" signature="bfmethods()[pri:0, instance:Test.Day3@6379eb]" started-at="2024-06-08T23:43:29 IST" name="bfmethods" finished-at="2024-06-08T23:43:29 IST" duration-ms="1" status="PASS">
          <reporter-output>
          </reporter-output>
        </test-method> <!-- bfmethods -->
        <test-method signature="LoginAPICarLoan()[pri:0, instance:Test.Day3@6379eb]" started-at="2024-06-08T23:43:29 IST" name="LoginAPICarLoan" finished-at="2024-06-08T23:43:29 IST" duration-ms="2" status="PASS">
          <reporter-output>
          </reporter-output>
        </test-method> <!-- LoginAPICarLoan -->
        <test-method is-config="true" signature="bfmethods()[pri:0, instance:Test.Day3@6379eb]" started-at="2024-06-08T23:43:29 IST" name="bfmethods" finished-at="2024-06-08T23:43:29 IST" duration-ms="1" status="PASS">
          <reporter-output>
          </reporter-output>
        </test-method> <!-- bfmethods -->
        <test-method signature="MobileloginCarLoan(java.lang.String)[pri:0, instance:Test.Day3@6379eb]" started-at="2024-06-08T23:43:29 IST" name="MobileloginCarLoan" finished-at="2024-06-08T23:43:29 IST" duration-ms="5" status="PASS">
          <params>
            <param index="0">
              <value>
                <![CDATA[carloan.com]]>
              </value>
            </param>
          </params>
          <reporter-output>
          </reporter-output>
        </test-method> <!-- MobileloginCarLoan -->
        <test-method is-config="true" signature="bfmethods()[pri:0, instance:Test.Day3@6379eb]" started-at="2024-06-08T23:43:29 IST" name="bfmethods" finished-at="2024-06-08T23:43:29 IST" duration-ms="2" status="PASS">
          <reporter-output>
          </reporter-output>
        </test-method> <!-- bfmethods -->
        <test-method signature="MobilesignoutCarLoan()[pri:0, instance:Test.Day3@6379eb]" started-at="2024-06-08T23:43:29 IST" name="MobilesignoutCarLoan" finished-at="2024-06-08T23:43:29 IST" duration-ms="12" status="PASS">
          <reporter-output>
          </reporter-output>
        </test-method> <!-- MobilesignoutCarLoan -->
        <test-method is-config="true" signature="bfmethods()[pri:0, instance:Test.Day3@6379eb]" started-at="2024-06-08T23:43:29 IST" name="bfmethods" finished-at="2024-06-08T23:43:29 IST" duration-ms="1" status="PASS">
          <reporter-output>
          </reporter-output>
        </test-method> <!-- bfmethods -->
        <test-method signature="WebloginCarLoan()[pri:0, instance:Test.Day3@6379eb]" started-at="2024-06-08T23:43:29 IST" name="WebloginCarLoan" finished-at="2024-06-08T23:43:29 IST" duration-ms="12" status="PASS">
          <reporter-output>
          </reporter-output>
        </test-method> <!-- WebloginCarLoan -->
        <test-method is-config="true" signature="afclass()[pri:0, instance:Test.Day3@6379eb]" started-at="2024-06-08T23:43:29 IST" name="afclass" finished-at="2024-06-08T23:43:29 IST" duration-ms="1" status="PASS">
          <reporter-output>
          </reporter-output>
        </test-method> <!-- afclass -->
      </class> <!-- Test.Day3 -->
      <class name="Test.Day1">
        <test-method is-config="true" signature="aftsuite()[pri:0, instance:Test.Day1@708f5957]" started-at="2024-06-08T23:43:29 IST" name="aftsuite" finished-at="2024-06-08T23:43:29 IST" duration-ms="1" status="PASS">
          <reporter-output>
          </reporter-output>
        </test-method> <!-- aftsuite -->
      </class> <!-- Test.Day1 -->
    </test> <!-- Car Loan -->
  </suite> <!-- Loan Department -->
</testng-results>
