<?xml version="1.0" encoding="UTF-8"?>
<!-- Generated by org.testng.reporters.JUnitXMLReporter -->
<testsuite ignored="1" hostname="GOUTAM2021" failures="0" tests="4" name="Car Loan" time="0.071" errors="0" timestamp="2024-06-08T23:43:29 IST">
  <testcase classname="Test.Day3" name="LoginAPICarLoan" time="0.002"/>
  <testcase classname="Test.Day3" name="MobileloginCarLoan" time="0.005"/>
  <testcase classname="Test.Day3" name="MobilesignoutCarLoan" time="0.012"/>
  <testcase classname="Test.Day3" name="WebloginCarLoan" time="0.012"/>
  <testcase classname="Test.Day3" name="MobilesignCarLoan" time="0.0">
    <ignored/>
  </testcase> <!-- MobilesignCarLoan -->
</testsuite> <!-- Car Loan -->
