<?xml version="1.0" encoding="UTF-8"?>
<!-- Generated by org.testng.reporters.JUnitXMLReporter -->
<testsuite ignored="0" hostname="GOUTAM2021" failures="1" tests="9" name="Personal loan" time="0.218" errors="0" timestamp="2024-06-08T23:43:29 IST">
  <testcase classname="Test.Day1" name="Demo" time="0.01"/>
  <testcase classname="Test.Day1" name="SecondTest" time="0.01"/>
  <testcase classname="Test.Day2" name="ListenersTest" time="0.01">
    <failure type="java.lang.AssertionError" message="expected [true] but found [false]">
      <![CDATA[java.lang.AssertionError: expected [true] but found [false]
at Test.Day2.ListenersTest(Day2.java:40)
at java.base/java.util.ArrayList.forEach(ArrayList.java:1511)
... Removed 31 stack frames]]>
    </failure>
  </testcase> <!-- ListenersTest -->
  <testcase classname="Test.Day2" name="thirddemo" time="0.009"/>
  <testcase classname="Test.Day4" name="LoginAPICarLoan" time="0.008"/>
  <testcase classname="Test.Day4" name="LoginAPICarLoan" time="0.002"/>
  <testcase classname="Test.Day4" name="LoginAPICarLoan" time="0.008"/>
  <testcase classname="Test.Day4" name="MobileloginCarLoan" time="0.005"/>
  <testcase classname="Test.Day4" name="WebloginHomeLoan" time="0.002"/>
</testsuite> <!-- Personal loan -->
