<?xml version="1.0" encoding="UTF-8"?>
<testng-results ignored="0" total="1" passed="1" failed="0" skipped="0">
  <reporter-output>
  </reporter-output>
  <suite started-at="2024-06-27T11:22:09 IST" name="Default suite" finished-at="2024-06-27T11:22:21 IST" duration-ms="11856">
    <groups>
    </groups>
    <test started-at="2024-06-27T11:22:09 IST" name="Default test" finished-at="2024-06-27T11:22:21 IST" duration-ms="11856">
      <class name="rahulshettyacademy.ExtentReports.ExtentReportDemo">
        <test-method is-config="true" signature="config()[pri:0, instance:rahulshettyacademy.ExtentReports.ExtentReportDemo@71d44a3]" started-at="2024-06-27T11:22:09 IST" name="config" finished-at="2024-06-27T11:22:10 IST" duration-ms="879" status="PASS">
          <reporter-output>
          </reporter-output>
        </test-method> <!-- config -->
        <test-method signature="initialDemo()[pri:0, instance:rahulshettyacademy.ExtentReports.ExtentReportDemo@71d44a3]" started-at="2024-06-27T11:22:10 IST" name="initialDemo" finished-at="2024-06-27T11:22:21 IST" duration-ms="10856" status="PASS">
          <reporter-output>
          </reporter-output>
        </test-method> <!-- initialDemo -->
      </class> <!-- rahulshettyacademy.ExtentReports.ExtentReportDemo -->
    </test> <!-- Default test -->
  </suite> <!-- Default suite -->
</testng-results>
