<?xml version="1.0" encoding="UTF-8"?>
<!-- Generated by org.testng.reporters.JUnitXMLReporter -->
<testsuite ignored="8" hostname="GOUTAM2021" failures="0" tests="3" name="Regression testcases" time="0.133" errors="0" timestamp="2024-06-08T11:03:14 IST">
  <testcase classname="Test.Day2" name="thirddemo" time="0.015"/>
  <testcase classname="Test.Day4" name="WebloginHomeLoan" time="0.003"/>
  <testcase classname="Test.Day3" name="WebloginCarLoan" time="0.004"/>
  <testcase classname="Test.Day1" name="SecondTest" time="0.0">
    <ignored/>
  </testcase> <!-- SecondTest -->
  <testcase classname="Test.Day3" name="MobileloginCarLoan" time="0.0">
    <ignored/>
  </testcase> <!-- MobileloginCarLoan -->
  <testcase classname="Test.Day1" name="Demo" time="0.0">
    <ignored/>
  </testcase> <!-- Demo -->
  <testcase classname="Test.Day4" name="LoginAPICarLoan" time="0.0">
    <ignored/>
  </testcase> <!-- LoginAPICarLoan -->
  <testcase classname="Test.Day3" name="MobilesignoutCarLoan" time="0.0">
    <ignored/>
  </testcase> <!-- MobilesignoutCarLoan -->
  <testcase classname="Test.Day3" name="MobilesignCarLoan" time="0.0">
    <ignored/>
  </testcase> <!-- MobilesignCarLoan -->
  <testcase classname="Test.Day4" name="MobileloginCarLoan" time="0.0">
    <ignored/>
  </testcase> <!-- MobileloginCarLoan -->
  <testcase classname="Test.Day3" name="LoginAPICarLoan" time="0.0">
    <ignored/>
  </testcase> <!-- LoginAPICarLoan -->
</testsuite> <!-- Regression testcases -->
